Using pre-set license
Built from '2021.3/staging' branch; Version is '2021.3.8f1 (b30333d56e81) revision 11731763'; Using compiler version '192829333'; Build Type 'Release'
OS: 'Windows 10  (10.0.19045) 64bit Professional' Language: 'tr' Physical Memory: 16310 MB
BatchMode: 1, IsHumanControllingUs: 0, StartBugReporterOnCrash: 0, Is64bit: 1, IsPro: 1

COMMAND LINE ARGUMENTS:
C:\Program Files\Unity\Hub\Editor\2021.3.8f1\Editor\Unity.exe
-adb2
-batchMode
-noUpm
-name
AssetImportWorker0
-projectPath
C:/Users/salih/OneDrive/Masaüstü/going-balls_fp/Going_Ball/Going_Balls
-logFile
Logs/AssetImportWorker0.log
-srvPort
58855
Successfully changed project path to: C:/Users/salih/OneDrive/Masaüstü/going-balls_fp/Going_Ball/Going_Balls
C:/Users/salih/OneDrive/Masaüstü/going-balls_fp/Going_Ball/Going_Balls
[UnityMemory] Configuration Parameters - Can be set up in boot.config
    "memorysetup-bucket-allocator-granularity=16"
    "memorysetup-bucket-allocator-bucket-count=8"
    "memorysetup-bucket-allocator-block-size=33554432"
    "memorysetup-bucket-allocator-block-count=8"
    "memorysetup-main-allocator-block-size=16777216"
    "memorysetup-thread-allocator-block-size=16777216"
    "memorysetup-gfx-main-allocator-block-size=16777216"
    "memorysetup-gfx-thread-allocator-block-size=16777216"
    "memorysetup-cache-allocator-block-size=4194304"
    "memorysetup-typetree-allocator-block-size=2097152"
    "memorysetup-profiler-bucket-allocator-granularity=16"
    "memorysetup-profiler-bucket-allocator-bucket-count=8"
    "memorysetup-profiler-bucket-allocator-block-size=33554432"
    "memorysetup-profiler-bucket-allocator-block-count=8"
    "memorysetup-profiler-allocator-block-size=16777216"
    "memorysetup-profiler-editor-allocator-block-size=1048576"
    "memorysetup-temp-allocator-size-main=16777216"
    "memorysetup-job-temp-allocator-block-size=2097152"
    "memorysetup-job-temp-allocator-block-size-background=1048576"
    "memorysetup-job-temp-allocator-reduction-small-platforms=262144"
    "memorysetup-temp-allocator-size-background-worker=32768"
    "memorysetup-temp-allocator-size-job-worker=262144"
    "memorysetup-temp-allocator-size-preload-manager=33554432"
    "memorysetup-temp-allocator-size-nav-mesh-worker=65536"
    "memorysetup-temp-allocator-size-audio-worker=65536"
    "memorysetup-temp-allocator-size-cloud-worker=32768"
    "memorysetup-temp-allocator-size-gi-baking-worker=262144"
    "memorysetup-temp-allocator-size-gfx=262144"
Refreshing native plugins compatible for Editor in 66.98 ms, found 3 plugins.
Preloading 0 native plugins for Editor in 0.00 ms.
Initialize engine version: 2021.3.8f1 (b30333d56e81)
[Subsystems] Discovering subsystems at path C:/Program Files/Unity/Hub/Editor/2021.3.8f1/Editor/Data/Resources/UnitySubsystems
[Subsystems] Discovering subsystems at path C:/Users/salih/OneDrive/Masaüstü/going-balls_fp/Going_Ball/Going_Balls/Assets
GfxDevice: creating device client; threaded=0; jobified=0
Direct3D:
    Version:  Direct3D 11.0 [level 11.1]
    Renderer: NVIDIA GeForce RTX 3060 Ti (ID=0x2489)
    Vendor:   NVIDIA
    VRAM:     8038 MB
    Driver:   31.0.15.2802
Initialize mono
Mono path[0] = 'C:/Program Files/Unity/Hub/Editor/2021.3.8f1/Editor/Data/Managed'
Mono path[1] = 'C:/Program Files/Unity/Hub/Editor/2021.3.8f1/Editor/Data/MonoBleedingEdge/lib/mono/unityjit-win32'
Mono config path = 'C:/Program Files/Unity/Hub/Editor/2021.3.8f1/Editor/Data/MonoBleedingEdge/etc'
Using monoOptions --debugger-agent=transport=dt_socket,embedding=1,server=y,suspend=n,address=127.0.0.1:56896
Begin MonoManager ReloadAssembly
Registering precompiled unity dll's ...
Register platform support module: C:/Program Files/Unity/Hub/Editor/2021.3.8f1/Editor/Data/PlaybackEngines/WindowsStandaloneSupport/UnityEditor.WindowsStandalone.Extensions.dll
Registered in 0.008203 seconds.
Native extension for WindowsStandalone target not found
Refreshing native plugins compatible for Editor in 63.12 ms, found 3 plugins.
Preloading 0 native plugins for Editor in 0.00 ms.
Mono: successfully reloaded assembly
- Completed reload, in  0.497 seconds
Domain Reload Profiling:
	ReloadAssembly (498ms)
		BeginReloadAssembly (71ms)
			ExecutionOrderSort (0ms)
			DisableScriptedObjects (0ms)
			BackupInstance (0ms)
			ReleaseScriptingObjects (0ms)
			CreateAndSetChildDomain (1ms)
		EndReloadAssembly (334ms)
			LoadAssemblies (68ms)
			RebuildTransferFunctionScriptingTraits (0ms)
			SetupTypeCache (71ms)
			ReleaseScriptCaches (0ms)
			RebuildScriptCaches (20ms)
			SetupLoadedEditorAssemblies (199ms)
				LogAssemblyErrors (0ms)
				InitializePlatformSupportModulesInManaged (7ms)
				SetLoadedEditorAssemblies (0ms)
				RefreshPlugins (63ms)
				BeforeProcessingInitializeOnLoad (1ms)
				ProcessInitializeOnLoadAttributes (92ms)
				ProcessInitializeOnLoadMethodAttributes (36ms)
				AfterProcessingInitializeOnLoad (0ms)
				EditorAssembliesLoaded (0ms)
			ExecutionOrderSort2 (0ms)
			AwakeInstancesAfterBackupRestoration (0ms)
Platform modules already initialized, skipping
Registering precompiled user dll's ...
Registered in 0.009248 seconds.
Begin MonoManager ReloadAssembly
Symbol file LoadedFromMemory doesn't match image C:\Users\salih\OneDrive\Masaüstü\going-balls_fp\Going_Ball\Going_Balls\Library\PackageCache\com.unity.visualscripting@1.7.8\Editor\VisualScripting.Core\Dependencies\YamlDotNet\Unity.VisualScripting.YamlDotNet.dll
Symbol file LoadedFromMemory doesn't match image C:\Users\salih\OneDrive\Masaüstü\going-balls_fp\Going_Ball\Going_Balls\Library\PackageCache\com.unity.visualscripting@1.7.8\Editor\VisualScripting.Core\Dependencies\DotNetZip\Unity.VisualScripting.IonicZip.dll
Native extension for WindowsStandalone target not found
Refreshing native plugins compatible for Editor in 0.68 ms, found 3 plugins.
Preloading 0 native plugins for Editor in 0.00 ms.
Mono: successfully reloaded assembly
- Completed reload, in  0.799 seconds
Domain Reload Profiling:
	ReloadAssembly (800ms)
		BeginReloadAssembly (93ms)
			ExecutionOrderSort (0ms)
			DisableScriptedObjects (4ms)
			BackupInstance (0ms)
			ReleaseScriptingObjects (0ms)
			CreateAndSetChildDomain (17ms)
		EndReloadAssembly (607ms)
			LoadAssemblies (76ms)
			RebuildTransferFunctionScriptingTraits (0ms)
			SetupTypeCache (187ms)
			ReleaseScriptCaches (1ms)
			RebuildScriptCaches (34ms)
			SetupLoadedEditorAssemblies (285ms)
				LogAssemblyErrors (0ms)
				InitializePlatformSupportModulesInManaged (5ms)
				SetLoadedEditorAssemblies (0ms)
				RefreshPlugins (1ms)
				BeforeProcessingInitializeOnLoad (78ms)
				ProcessInitializeOnLoadAttributes (168ms)
				ProcessInitializeOnLoadMethodAttributes (22ms)
				AfterProcessingInitializeOnLoad (10ms)
				EditorAssembliesLoaded (0ms)
			ExecutionOrderSort2 (0ms)
			AwakeInstancesAfterBackupRestoration (5ms)
Platform modules already initialized, skipping
========================================================================
Worker process is ready to serve import requests
Launched and connected shader compiler UnityShaderCompiler.exe after 0.05 seconds
Refreshing native plugins compatible for Editor in 0.62 ms, found 3 plugins.
Preloading 0 native plugins for Editor in 0.00 ms.
Unloading 3381 Unused Serialized files (Serialized files now loaded: 0)
Unloading 27 unused Assets / (111.0 KB). Loaded Objects now: 3840.
Memory consumption went from 116.6 MB to 116.5 MB.
Total: 2.459900 ms (FindLiveObjects: 0.235400 ms CreateObjectMapping: 0.082200 ms MarkObjects: 2.055800 ms  DeleteObjects: 0.085700 ms)

AssetImportParameters requested are different than current active one (requested -> active):
  custom:video-decoder-ogg-theora: a1e56fd34408186e4bbccfd4996cb3dc -> 
  custom:container-muxer-webm: aa71ff27fc2769a1b78a27578f13a17b -> 
  custom:container-demuxer-webm: 4f35f7cbe854078d1ac9338744f61a02 -> 
  custom:video-encoder-webm-vp8: eb34c28f22e8b96e1ab97ce403110664 -> 
  custom:audio-encoder-webm-vorbis: bf7c407c2cedff20999df2af8eb42d56 -> 
  custom:framework-win-MediaFoundation: 216162199b28c13a410421893ffa2e32 -> 
  custom:container-demuxer-ogg: 62fdf1f143b41e24485cea50d1cbac27 -> 
  custom:video-decoder-webm-vp8: 9c59270c3fd7afecdb556c50c9e8de78 -> 
  custom:audio-decoder-ogg-vorbis: bf7c407c2cedff20999df2af8eb42d56 -> 
========================================================================
Received Import Request.
  Time since last request: 1873.005718 seconds.
  path: Assets/Assets
  artifactKey: Guid(f88eb68655095454fa679015d27f8d57) Importer(815301076,1909f56bfc062723c751e8b465ee728b)
Start importing Assets/Assets using Guid(f88eb68655095454fa679015d27f8d57) Importer(815301076,1909f56bfc062723c751e8b465ee728b)  -> (artifact id: 'fc35ce913c84bbb54ef8e8ab051534ac') in 0.008233 seconds 
========================================================================
Received Import Request.
  Time since last request: 1480.508198 seconds.
  path: Assets/Assets/AssetsStore/Wood Box/Assets/Prefabs/CardboardBox1.prefab
  artifactKey: Guid(c220becf0d2978646a7bbd55376ac71f) Importer(815301076,1909f56bfc062723c751e8b465ee728b)
Start importing Assets/Assets/AssetsStore/Wood Box/Assets/Prefabs/CardboardBox1.prefab using Guid(c220becf0d2978646a7bbd55376ac71f) Importer(815301076,1909f56bfc062723c751e8b465ee728b)  -> (artifact id: '05d5d1a4d26756ec09b1d91c7373d92a') in 0.137629 seconds 
========================================================================
Received Import Request.
  Time since last request: 0.000025 seconds.
  path: Assets/Assets/AssetsStore/Wood Box/Assets/Prefabs/WoodBox4.prefab
  artifactKey: Guid(ae9429ee4c15e2f44a4fefbe634b297b) Importer(815301076,1909f56bfc062723c751e8b465ee728b)
Start importing Assets/Assets/AssetsStore/Wood Box/Assets/Prefabs/WoodBox4.prefab using Guid(ae9429ee4c15e2f44a4fefbe634b297b) Importer(815301076,1909f56bfc062723c751e8b465ee728b)  -> (artifact id: '4aecf512bb9a7dc491fe4aa3bd34485b') in 0.031539 seconds 
========================================================================
Received Import Request.
  Time since last request: 0.000033 seconds.
  path: Assets/Assets/AssetsStore/Wood Box/Assets/Prefabs/WoodBox10.prefab
  artifactKey: Guid(395e79ecbbe291e4780049df9fba6949) Importer(815301076,1909f56bfc062723c751e8b465ee728b)
Start importing Assets/Assets/AssetsStore/Wood Box/Assets/Prefabs/WoodBox10.prefab using Guid(395e79ecbbe291e4780049df9fba6949) Importer(815301076,1909f56bfc062723c751e8b465ee728b)  -> (artifact id: 'b2dc4bef5d7cd181cfb3bc0ef4dbd25a') in 0.017244 seconds 
========================================================================
Received Import Request.
  Time since last request: 0.000023 seconds.
  path: Assets/Assets/AssetsStore/Wood Box/Assets/Prefabs/CardboardBox4.prefab
  artifactKey: Guid(f14a0998d181cb949b0ff9e711194bbe) Importer(815301076,1909f56bfc062723c751e8b465ee728b)
Start importing Assets/Assets/AssetsStore/Wood Box/Assets/Prefabs/CardboardBox4.prefab using Guid(f14a0998d181cb949b0ff9e711194bbe) Importer(815301076,1909f56bfc062723c751e8b465ee728b)  -> (artifact id: 'ba18b9ebf57a75280b5f699e37181c5b') in 0.016624 seconds 
========================================================================
Received Import Request.
  Time since last request: 0.000021 seconds.
  path: Assets/Assets/AssetsStore/Wood Box/Assets/Prefabs/WoodBox6.prefab
  artifactKey: Guid(c8f22cd267afe014f85ca7378daf6559) Importer(815301076,1909f56bfc062723c751e8b465ee728b)
Start importing Assets/Assets/AssetsStore/Wood Box/Assets/Prefabs/WoodBox6.prefab using Guid(c8f22cd267afe014f85ca7378daf6559) Importer(815301076,1909f56bfc062723c751e8b465ee728b)  -> (artifact id: '7a36c5bd18f8700df964b2a219b36942') in 0.023837 seconds 
========================================================================
Received Import Request.
  Time since last request: 0.000018 seconds.
  path: Assets/Assets/AssetsStore/Wood Box/Assets/Prefabs/WoodBox8.prefab
  artifactKey: Guid(2ee521e701da6df4ca03612e705a7b74) Importer(815301076,1909f56bfc062723c751e8b465ee728b)
Start importing Assets/Assets/AssetsStore/Wood Box/Assets/Prefabs/WoodBox8.prefab using Guid(2ee521e701da6df4ca03612e705a7b74) Importer(815301076,1909f56bfc062723c751e8b465ee728b)  -> (artifact id: '8fb59d82dab7abe1542752b9f761be9a') in 0.019380 seconds 
========================================================================
Received Import Request.
  Time since last request: 0.000019 seconds.
  path: Assets/Assets/AssetsStore/Wood Box/Assets/Prefabs/CardboardBox3.prefab
  artifactKey: Guid(9b63d4b38fd388a47bf634212f8d9e55) Importer(815301076,1909f56bfc062723c751e8b465ee728b)
Start importing Assets/Assets/AssetsStore/Wood Box/Assets/Prefabs/CardboardBox3.prefab using Guid(9b63d4b38fd388a47bf634212f8d9e55) Importer(815301076,1909f56bfc062723c751e8b465ee728b)  -> (artifact id: '4ff23b9685b6b2d04fabb25a9fdc0ccf') in 0.018982 seconds 
Editor requested this worker to shutdown with reason: Scaling down because of idle timeout
AssetImportWorker is now disconnected from the server
Process exiting
Exiting without the bug reporter. Application will terminate with return code 0